[Thu, 14 Mar 2013 00:44:01 GMT] INFO Server starting with config: {
  "environment": "development",
  "workers": 1,
  "port": 4000,
  "spdy": null,
  "ssl": null,
  "debug": true,
  "rotateWorkers": false,
  "rotationWindow": 7200000,
  "rotationTimeout": 300000,
  "logDir": "/home/joshuaahn/cs169/CS169GAP/log",
  "gracefulShutdownTimeout": 30000,
  "heartbeatInterval": 5000,
  "heartbeatWindow": 20000,
  "staticFilePath": "/home/joshuaahn/cs169/CS169GAP/public",
  "sessions": {
    "store": "memory",
    "key": "sid",
    "expiry": 1209600
  },
  "cookieSessionKey": "sdata",
  "metrics": null,
  "i18n": {
    "defaultLocale": "en-us",
    "loadPaths": [
      "/home/joshuaahn/cs169/CS169GAP/config/locales"
    ]
  },
  "hostname": "localhost",
  "fullHostname": "http://localhost:4000",
  "connectCompatibility": false,
  "detailedErrors": true,
  "model": {
    "defaultAdapter": "memory"
  },
  "passport": {
    "successRedirect": "/",
    "failureRedirect": "/login",
    "facebook": {
      "clientID": "300280040100419",
      "clientSecret": "6fe0d2dfe735bc2ee4755c6020e3bd44"
    }
  },
  "secret": "FfsFJsEzHchNYMP2HyLH7yHL0CZe3LfVeBeG4QuIGdKdTN5FPQLSdsHUPvbBvEAPdFvhvLn0vcoEV9Qm97M6bNrRxvKVeeQeM5dCQvRxXjIHyw1QYQW12IIJtiVRCkIk"
}
[Thu, 14 Mar 2013 00:44:01 GMT] INFO Creating 1 worker process.
[Thu, 14 Mar 2013 00:44:02 GMT] INFO Server worker running in development on port 4000 with a PID of: 15541
[Thu, 14 Mar 2013 00:44:02 GMT] DEBUG LOGGING STARTED ============================================
[Thu, 14 Mar 2013 00:44:02 GMT] DEBUG ============================================================
